<?xml version="1.0" encoding="UTF-8"?>
<!-- Generated by org.testng.reporters.JUnitXMLReporter -->
<testsuite ignored="0" hostname="Tharun" failures="0" tests="7" name="Test" time="76.139" errors="0" timestamp="2023-08-22T12:55:34 IST">
  <testcase classname="testCases.TC_001_AccountRegistrationTest" name="test_account_registration" time="6.213"/>
  <testcase classname="testCases.TC_002_LoginTest" name="test_login" time="2.187"/>
  <testcase classname="testCases.TC_003_LoginDataDrivenTest" name="test_LoginDDT" time="3.419"/>
  <testcase classname="testCases.TC_003_LoginDataDrivenTest" name="test_LoginDDT" time="12.368"/>
  <testcase classname="testCases.TC_003_LoginDataDrivenTest" name="test_LoginDDT" time="12.62"/>
  <testcase classname="testCases.TC_003_LoginDataDrivenTest" name="test_LoginDDT" time="13.437"/>
  <testcase classname="testCases.TC_003_LoginDataDrivenTest" name="test_LoginDDT" time="4.221"/>
</testsuite> <!-- Test -->
