<?xml version="1.0" encoding="UTF-8"?>
<testsuite xmlns:xsi="http://www.w3.org/2001/XMLSchema-instance" xsi:noNamespaceSchemaLocation="https://maven.apache.org/surefire/maven-surefire-plugin/xsd/surefire-test-report-3.0.xsd" version="3.0" name="TestSuite" time="78.153" tests="7" errors="0" skipped="0" failures="0">
  <properties>
[...]
</properties>
  <testcase name="test_account_registration" classname="testCases.TC_001_AccountRegistrationTest" time="6.258">
    <system-out><![CDATA[12:54:24.662 [main] INFO  testCases.TC_001_AccountRegistrationTest - ********** Starting TC_001_AccountRegistrationTest ***********
12:54:24.880 [main] INFO  testCases.TC_001_AccountRegistrationTest - Clicking on myAccount link...
12:54:25.767 [main] INFO  testCases.TC_001_AccountRegistrationTest - Clicking on register link....
12:54:25.767 [main] INFO  testCases.TC_001_AccountRegistrationTest - Providing customer details...
12:54:27.441 [main] INFO  testCases.TC_001_AccountRegistrationTest - clicked on continue
12:54:30.846 [main] INFO  testCases.TC_001_AccountRegistrationTest - Validation Expected message
12:54:30.846 [main] INFO  testCases.TC_001_AccountRegistrationTest - Test Passed
12:54:30.859 [main] INFO  testCases.TC_001_AccountRegistrationTest - ************Finished TC_001_AccountRegistrationTest**************
]]></system-out>
    <system-err><![CDATA[SLF4J: Failed to load class "org.slf4j.impl.StaticLoggerBinder".
SLF4J: Defaulting to no-operation (NOP) logger implementation
SLF4J: See http://www.slf4j.org/codes.html#StaticLoggerBinder for further details.
]]></system-err>
  </testcase>
  <testcase name="test_login" classname="testCases.TC_002_LoginTest" time="2.194">
    <system-out><![CDATA[12:54:36.656 [main] INFO  testCases.TC_002_LoginTest - ************Starting TC_002_LoginTest*******************
12:54:36.800 [main] INFO  testCases.TC_002_LoginTest - Clicking on my account link
12:54:37.381 [main] INFO  testCases.TC_002_LoginTest - Clicking on login link
12:54:37.643 [main] INFO  testCases.TC_002_LoginTest - Entered user name
12:54:37.814 [main] INFO  testCases.TC_002_LoginTest - Entered password
12:54:38.741 [main] INFO  testCases.TC_002_LoginTest - Clicked on login button
12:54:38.841 [main] INFO  testCases.TC_002_LoginTest - Login Success
12:54:38.842 [main] INFO  testCases.TC_002_LoginTest - Test Passed.......
12:54:38.842 [main] INFO  testCases.TC_002_LoginTest - ******************Finishing TC_002_LoginTest*************
]]></system-out>
  </testcase>
  <testcase name="test_LoginDDT[demo@gmail.com, demo, Valid](1)" classname="testCases.TC_003_LoginDataDrivenTest" time="3.42">
    <system-out><![CDATA[12:54:46.701 [main] INFO  testCases.TC_003_LoginDataDrivenTest - ********** Starting TC_003_LoginDataDrivernTest *******
12:54:46.899 [main] INFO  testCases.TC_003_LoginDataDrivenTest - Clicking my account link
12:54:47.839 [main] INFO  testCases.TC_003_LoginDataDrivenTest - Clicking login link
12:54:48.039 [main] INFO  testCases.TC_003_LoginDataDrivenTest - entered username
12:54:48.207 [main] INFO  testCases.TC_003_LoginDataDrivenTest - Entered password
12:54:49.035 [main] INFO  testCases.TC_003_LoginDataDrivenTest - Clicking login button
12:54:50.117 [main] INFO  testCases.TC_003_LoginDataDrivenTest - Finished TC_003_LoginDataDriverTest
]]></system-out>
  </testcase>
  <testcase name="test_LoginDDT[lakshmi@yahoo.com, Laxmi, Invalid](2)" classname="testCases.TC_003_LoginDataDrivenTest" time="12.382">
    <system-out><![CDATA[12:54:50.122 [main] INFO  testCases.TC_003_LoginDataDrivenTest - ********** Starting TC_003_LoginDataDrivernTest *******
12:54:50.369 [main] INFO  testCases.TC_003_LoginDataDrivenTest - Clicking my account link
12:54:51.509 [main] INFO  testCases.TC_003_LoginDataDrivenTest - Clicking login link
12:54:51.726 [main] INFO  testCases.TC_003_LoginDataDrivenTest - entered username
12:54:51.879 [main] INFO  testCases.TC_003_LoginDataDrivenTest - Entered password
12:54:52.448 [main] INFO  testCases.TC_003_LoginDataDrivenTest - Clicking login button
12:55:02.489 [main] INFO  testCases.TC_003_LoginDataDrivenTest - Finished TC_003_LoginDataDriverTest
]]></system-out>
  </testcase>
  <testcase name="test_LoginDDT[laksh@yahoo.com, Lakshmi, Invalid](3)" classname="testCases.TC_003_LoginDataDrivenTest" time="12.624">
    <system-out><![CDATA[12:55:02.504 [main] INFO  testCases.TC_003_LoginDataDrivenTest - ********** Starting TC_003_LoginDataDrivernTest *******
12:55:02.699 [main] INFO  testCases.TC_003_LoginDataDrivenTest - Clicking my account link
12:55:03.320 [main] INFO  testCases.TC_003_LoginDataDrivenTest - Clicking login link
12:55:03.650 [main] INFO  testCases.TC_003_LoginDataDrivenTest - entered username
12:55:04.006 [main] INFO  testCases.TC_003_LoginDataDrivenTest - Entered password
12:55:05.052 [main] INFO  testCases.TC_003_LoginDataDrivenTest - Clicking login button
12:55:15.123 [main] INFO  testCases.TC_003_LoginDataDrivenTest - Finished TC_003_LoginDataDriverTest
]]></system-out>
  </testcase>
  <testcase name="test_LoginDDT[laks@yahoo.com, xyz, Invalid](4)" classname="testCases.TC_003_LoginDataDrivenTest" time="13.437">
    <system-out><![CDATA[12:55:15.128 [main] INFO  testCases.TC_003_LoginDataDrivenTest - ********** Starting TC_003_LoginDataDrivernTest *******
12:55:15.415 [main] INFO  testCases.TC_003_LoginDataDrivenTest - Clicking my account link
12:55:16.551 [main] INFO  testCases.TC_003_LoginDataDrivenTest - Clicking login link
12:55:16.943 [main] INFO  testCases.TC_003_LoginDataDrivenTest - entered username
12:55:17.245 [main] INFO  testCases.TC_003_LoginDataDrivenTest - Entered password
12:55:18.491 [main] INFO  testCases.TC_003_LoginDataDrivenTest - Clicking login button
12:55:28.557 [main] INFO  testCases.TC_003_LoginDataDrivenTest - Finished TC_003_LoginDataDriverTest
]]></system-out>
  </testcase>
  <testcase name="test_LoginDDT[abc123@gmail.com, test@123, Valid](5)" classname="testCases.TC_003_LoginDataDrivenTest" time="4.221">
    <system-out><![CDATA[12:55:28.565 [main] INFO  testCases.TC_003_LoginDataDrivenTest - ********** Starting TC_003_LoginDataDrivernTest *******
12:55:28.823 [main] INFO  testCases.TC_003_LoginDataDrivenTest - Clicking my account link
12:55:30.028 [main] INFO  testCases.TC_003_LoginDataDrivenTest - Clicking login link
12:55:30.326 [main] INFO  testCases.TC_003_LoginDataDrivenTest - entered username
12:55:30.585 [main] INFO  testCases.TC_003_LoginDataDrivenTest - Entered password
12:55:31.786 [main] INFO  testCases.TC_003_LoginDataDrivenTest - Clicking login button
12:55:32.786 [main] INFO  testCases.TC_003_LoginDataDrivenTest - Finished TC_003_LoginDataDriverTest
]]></system-out>
  </testcase>
</testsuite>